2025-11-24 10:39:36:  ⨯ Failed to start server
2025-11-24 10:39:36: Error: listen EADDRINUSE: address already in use 0.0.0.0:3001
2025-11-24 10:39:36:     at <unknown> (Error: listen EADDRINUSE: address already in use 0.0.0.0:3001) {
2025-11-24 10:39:36:   code: 'EADDRINUSE',
2025-11-24 10:39:36:   errno: -4091,
2025-11-24 10:39:36:   syscall: 'listen',
2025-11-24 10:39:36:   address: '0.0.0.0',
2025-11-24 10:39:36:   port: 3001
2025-11-24 10:39:36: }
2025-11-24 10:39:36:  ⨯ Failed to start server
2025-11-24 10:39:36: Error: listen EADDRINUSE: address already in use 0.0.0.0:3001
2025-11-24 10:39:36:     at <unknown> (Error: listen EADDRINUSE: address already in use 0.0.0.0:3001) {
2025-11-24 10:39:36:   code: 'EADDRINUSE',
2025-11-24 10:39:36:   errno: -4091,
2025-11-24 10:39:36:   syscall: 'listen',
2025-11-24 10:39:36:   address: '0.0.0.0',
2025-11-24 10:39:36:   port: 3001
2025-11-24 10:39:36: }
2025-11-24 10:39:37:  ⨯ Failed to start server
2025-11-24 10:39:37: Error: listen EADDRINUSE: address already in use 0.0.0.0:3001
2025-11-24 10:39:37:     at <unknown> (Error: listen EADDRINUSE: address already in use 0.0.0.0:3001) {
2025-11-24 10:39:37:   code: 'EADDRINUSE',
2025-11-24 10:39:37:   errno: -4091,
2025-11-24 10:39:37:   syscall: 'listen',
2025-11-24 10:39:37:   address: '0.0.0.0',
2025-11-24 10:39:37:   port: 3001
2025-11-24 10:39:37: }
2025-11-24 10:39:38:  ⨯ Failed to start server
2025-11-24 10:39:38: Error: listen EADDRINUSE: address already in use 0.0.0.0:3001
2025-11-24 10:39:38:     at <unknown> (Error: listen EADDRINUSE: address already in use 0.0.0.0:3001) {
2025-11-24 10:39:38:   code: 'EADDRINUSE',
2025-11-24 10:39:38:   errno: -4091,
2025-11-24 10:39:38:   syscall: 'listen',
2025-11-24 10:39:38:   address: '0.0.0.0',
2025-11-24 10:39:38:   port: 3001
2025-11-24 10:39:38: }
2025-11-24 10:39:40:  ⨯ Failed to start server
2025-11-24 10:39:40: Error: listen EADDRINUSE: address already in use 0.0.0.0:3001
2025-11-24 10:39:40:     at <unknown> (Error: listen EADDRINUSE: address already in use 0.0.0.0:3001) {
2025-11-24 10:39:40:   code: 'EADDRINUSE',
2025-11-24 10:39:40:   errno: -4091,
2025-11-24 10:39:40:   syscall: 'listen',
2025-11-24 10:39:40:   address: '0.0.0.0',
2025-11-24 10:39:40:   port: 3001
2025-11-24 10:39:40: }
2025-11-24 10:39:41:  ⨯ Failed to start server
2025-11-24 10:39:41: Error: listen EADDRINUSE: address already in use 0.0.0.0:3001
2025-11-24 10:39:41:     at <unknown> (Error: listen EADDRINUSE: address already in use 0.0.0.0:3001) {
2025-11-24 10:39:41:   code: 'EADDRINUSE',
2025-11-24 10:39:41:   errno: -4091,
2025-11-24 10:39:41:   syscall: 'listen',
2025-11-24 10:39:41:   address: '0.0.0.0',
2025-11-24 10:39:41:   port: 3001
2025-11-24 10:39:41: }
2025-11-24 10:39:42:  ⨯ Failed to start server
2025-11-24 10:39:42: Error: listen EADDRINUSE: address already in use 0.0.0.0:3001
2025-11-24 10:39:42:     at <unknown> (Error: listen EADDRINUSE: address already in use 0.0.0.0:3001) {
2025-11-24 10:39:42:   code: 'EADDRINUSE',
2025-11-24 10:39:42:   errno: -4091,
2025-11-24 10:39:42:   syscall: 'listen',
2025-11-24 10:39:42:   address: '0.0.0.0',
2025-11-24 10:39:42:   port: 3001
2025-11-24 10:39:42: }
2025-11-24 10:39:44:  ⨯ Failed to start server
2025-11-24 10:39:44: Error: listen EADDRINUSE: address already in use 0.0.0.0:3001
2025-11-24 10:39:44:     at <unknown> (Error: listen EADDRINUSE: address already in use 0.0.0.0:3001) {
2025-11-24 10:39:44:   code: 'EADDRINUSE',
2025-11-24 10:39:44:   errno: -4091,
2025-11-24 10:39:44:   syscall: 'listen',
2025-11-24 10:39:44:   address: '0.0.0.0',
2025-11-24 10:39:44:   port: 3001
2025-11-24 10:39:44: }
2025-11-24 10:39:47:  ⨯ Failed to start server
2025-11-24 10:39:47: Error: listen EADDRINUSE: address already in use 0.0.0.0:3001
2025-11-24 10:39:47:     at <unknown> (Error: listen EADDRINUSE: address already in use 0.0.0.0:3001) {
2025-11-24 10:39:47:   code: 'EADDRINUSE',
2025-11-24 10:39:47:   errno: -4091,
2025-11-24 10:39:47:   syscall: 'listen',
2025-11-24 10:39:47:   address: '0.0.0.0',
2025-11-24 10:39:47:   port: 3001
2025-11-24 10:39:47: }
2025-11-24 10:39:50:  ⨯ Failed to start server
2025-11-24 10:39:50: Error: listen EADDRINUSE: address already in use 0.0.0.0:3001
2025-11-24 10:39:50:     at <unknown> (Error: listen EADDRINUSE: address already in use 0.0.0.0:3001) {
2025-11-24 10:39:50:   code: 'EADDRINUSE',
2025-11-24 10:39:50:   errno: -4091,
2025-11-24 10:39:50:   syscall: 'listen',
2025-11-24 10:39:50:   address: '0.0.0.0',
2025-11-24 10:39:50:   port: 3001
2025-11-24 10:39:50: }
2025-11-24 10:39:55:  ⨯ Failed to start server
2025-11-24 10:39:55: Error: listen EADDRINUSE: address already in use 0.0.0.0:3001
2025-11-24 10:39:55:     at <unknown> (Error: listen EADDRINUSE: address already in use 0.0.0.0:3001) {
2025-11-24 10:39:55:   code: 'EADDRINUSE',
2025-11-24 10:39:55:   errno: -4091,
2025-11-24 10:39:55:   syscall: 'listen',
2025-11-24 10:39:55:   address: '0.0.0.0',
2025-11-24 10:39:55:   port: 3001
2025-11-24 10:39:55: }
2025-11-24 10:40:01:  ⨯ Failed to start server
2025-11-24 10:40:01: Error: listen EADDRINUSE: address already in use 0.0.0.0:3001
2025-11-24 10:40:01:     at <unknown> (Error: listen EADDRINUSE: address already in use 0.0.0.0:3001) {
2025-11-24 10:40:01:   code: 'EADDRINUSE',
2025-11-24 10:40:01:   errno: -4091,
2025-11-24 10:40:01:   syscall: 'listen',
2025-11-24 10:40:01:   address: '0.0.0.0',
2025-11-24 10:40:01:   port: 3001
2025-11-24 10:40:01: }
2025-11-24 10:40:11:  ⨯ Failed to start server
2025-11-24 10:40:11: Error: listen EADDRINUSE: address already in use 0.0.0.0:3001
2025-11-24 10:40:11:     at <unknown> (Error: listen EADDRINUSE: address already in use 0.0.0.0:3001) {
2025-11-24 10:40:11:   code: 'EADDRINUSE',
2025-11-24 10:40:11:   errno: -4091,
2025-11-24 10:40:11:   syscall: 'listen',
2025-11-24 10:40:11:   address: '0.0.0.0',
2025-11-24 10:40:11:   port: 3001
2025-11-24 10:40:11: }
2025-11-24 10:40:24:  ⨯ Failed to start server
2025-11-24 10:40:24: Error: listen EADDRINUSE: address already in use 0.0.0.0:3001
2025-11-24 10:40:24:     at <unknown> (Error: listen EADDRINUSE: address already in use 0.0.0.0:3001) {
2025-11-24 10:40:24:   code: 'EADDRINUSE',
2025-11-24 10:40:24:   errno: -4091,
2025-11-24 10:40:24:   syscall: 'listen',
2025-11-24 10:40:24:   address: '0.0.0.0',
2025-11-24 10:40:24:   port: 3001
2025-11-24 10:40:24: }
2025-11-24 10:40:40:  ⨯ Failed to start server
2025-11-24 10:40:40: Error: listen EADDRINUSE: address already in use 0.0.0.0:3001
2025-11-24 10:40:40:     at <unknown> (Error: listen EADDRINUSE: address already in use 0.0.0.0:3001) {
2025-11-24 10:40:40:   code: 'EADDRINUSE',
2025-11-24 10:40:40:   errno: -4091,
2025-11-24 10:40:40:   syscall: 'listen',
2025-11-24 10:40:40:   address: '0.0.0.0',
2025-11-24 10:40:40:   port: 3001
2025-11-24 10:40:40: }
2025-11-24 14:47:53: Erro detalhado ao buscar status: Error: Conversion error from string ""
2025-11-24 14:47:53:     at doCallback (C:\inetpub\wwwroot\portal-cliente\gerproj-dashboard-cliente-local\.next\server\chunks\708.js:1:140117)
2025-11-24 14:47:53:     at <unknown> (C:\inetpub\wwwroot\portal-cliente\gerproj-dashboard-cliente-local\.next\server\chunks\708.js:1:165112)
2025-11-24 14:47:53:     at L (C:\inetpub\wwwroot\portal-cliente\gerproj-dashboard-cliente-local\.next\server\chunks\708.js:1:159601)
2025-11-24 14:47:53:     at S (C:\inetpub\wwwroot\portal-cliente\gerproj-dashboard-cliente-local\.next\server\chunks\708.js:1:155146)
2025-11-24 14:47:53:     at <unknown> (C:\inetpub\wwwroot\portal-cliente\gerproj-dashboard-cliente-local\.next\server\chunks\708.js:1:159619)
2025-11-24 14:47:53:     at Socket.<anonymous> (C:\inetpub\wwwroot\portal-cliente\gerproj-dashboard-cliente-local\.next\server\chunks\708.js:1:164831) {
2025-11-24 14:47:53:   gdscode: 335544334,
2025-11-24 14:47:53:   gdsparams: [Array]
2025-11-24 14:47:53: }
2025-11-24 14:47:53: Stack trace: Error: Conversion error from string ""
2025-11-24 14:47:53:     at doCallback (C:\inetpub\wwwroot\portal-cliente\gerproj-dashboard-cliente-local\.next\server\chunks\708.js:1:140117)
2025-11-24 14:47:53:     at C:\inetpub\wwwroot\portal-cliente\gerproj-dashboard-cliente-local\.next\server\chunks\708.js:1:165112
2025-11-24 14:47:53:     at L (C:\inetpub\wwwroot\portal-cliente\gerproj-dashboard-cliente-local\.next\server\chunks\708.js:1:159601)
2025-11-24 14:47:53:     at S (C:\inetpub\wwwroot\portal-cliente\gerproj-dashboard-cliente-local\.next\server\chunks\708.js:1:155146)
2025-11-24 14:47:53:     at C:\inetpub\wwwroot\portal-cliente\gerproj-dashboard-cliente-local\.next\server\chunks\708.js:1:159619
2025-11-24 14:47:53:     at Socket.<anonymous> (C:\inetpub\wwwroot\portal-cliente\gerproj-dashboard-cliente-local\.next\server\chunks\708.js:1:164831)
2025-11-24 14:47:53:     at Socket.emit (node:events:518:28)
2025-11-24 14:47:53:     at addChunk (node:internal/streams/readable:561:12)
2025-11-24 14:47:53:     at readableAddChunkPushByteMode (node:internal/streams/readable:512:3)
2025-11-24 14:47:53:     at Readable.push (node:internal/streams/readable:392:5)
2025-11-24 14:47:53:     at TCP.onStreamRead (node:internal/stream_base_commons:189:23)
2025-11-24 14:47:53:     at TCP.callbackTrampoline (node:internal/async_hooks:130:17)
2025-11-24 14:47:53: Message: Conversion error from string ""
2025-11-24 14:47:54: Erro detalhado ao buscar status: Error: Conversion error from string ""
2025-11-24 14:47:54:     at doCallback (C:\inetpub\wwwroot\portal-cliente\gerproj-dashboard-cliente-local\.next\server\chunks\708.js:1:140117)
2025-11-24 14:47:54:     at <unknown> (C:\inetpub\wwwroot\portal-cliente\gerproj-dashboard-cliente-local\.next\server\chunks\708.js:1:165112)
2025-11-24 14:47:54:     at L (C:\inetpub\wwwroot\portal-cliente\gerproj-dashboard-cliente-local\.next\server\chunks\708.js:1:159601)
2025-11-24 14:47:54:     at S (C:\inetpub\wwwroot\portal-cliente\gerproj-dashboard-cliente-local\.next\server\chunks\708.js:1:155146)
2025-11-24 14:47:54:     at <unknown> (C:\inetpub\wwwroot\portal-cliente\gerproj-dashboard-cliente-local\.next\server\chunks\708.js:1:159619)
2025-11-24 14:47:54:     at Socket.<anonymous> (C:\inetpub\wwwroot\portal-cliente\gerproj-dashboard-cliente-local\.next\server\chunks\708.js:1:164831) {
2025-11-24 14:47:54:   gdscode: 335544334,
2025-11-24 14:47:54:   gdsparams: [Array]
2025-11-24 14:47:54: }
2025-11-24 14:47:54: Stack trace: Error: Conversion error from string ""
2025-11-24 14:47:54:     at doCallback (C:\inetpub\wwwroot\portal-cliente\gerproj-dashboard-cliente-local\.next\server\chunks\708.js:1:140117)
2025-11-24 14:47:54:     at C:\inetpub\wwwroot\portal-cliente\gerproj-dashboard-cliente-local\.next\server\chunks\708.js:1:165112
2025-11-24 14:47:54:     at L (C:\inetpub\wwwroot\portal-cliente\gerproj-dashboard-cliente-local\.next\server\chunks\708.js:1:159601)
2025-11-24 14:47:54:     at S (C:\inetpub\wwwroot\portal-cliente\gerproj-dashboard-cliente-local\.next\server\chunks\708.js:1:155146)
2025-11-24 14:47:54:     at C:\inetpub\wwwroot\portal-cliente\gerproj-dashboard-cliente-local\.next\server\chunks\708.js:1:159619
2025-11-24 14:47:54:     at Socket.<anonymous> (C:\inetpub\wwwroot\portal-cliente\gerproj-dashboard-cliente-local\.next\server\chunks\708.js:1:164831)
2025-11-24 14:47:54:     at Socket.emit (node:events:518:28)
2025-11-24 14:47:54:     at addChunk (node:internal/streams/readable:561:12)
2025-11-24 14:47:54:     at readableAddChunkPushByteMode (node:internal/streams/readable:512:3)
2025-11-24 14:47:54:     at Readable.push (node:internal/streams/readable:392:5)
2025-11-24 14:47:54:     at TCP.onStreamRead (node:internal/stream_base_commons:189:23)
2025-11-24 14:47:54:     at TCP.callbackTrampoline (node:internal/async_hooks:130:17)
2025-11-24 14:47:54: Message: Conversion error from string ""
2025-11-24 14:47:57: Erro detalhado ao buscar status: Error: Conversion error from string ""
2025-11-24 14:47:57:     at doCallback (C:\inetpub\wwwroot\portal-cliente\gerproj-dashboard-cliente-local\.next\server\chunks\708.js:1:140117)
2025-11-24 14:47:57:     at <unknown> (C:\inetpub\wwwroot\portal-cliente\gerproj-dashboard-cliente-local\.next\server\chunks\708.js:1:165112)
2025-11-24 14:47:57:     at L (C:\inetpub\wwwroot\portal-cliente\gerproj-dashboard-cliente-local\.next\server\chunks\708.js:1:159601)
2025-11-24 14:47:57:     at S (C:\inetpub\wwwroot\portal-cliente\gerproj-dashboard-cliente-local\.next\server\chunks\708.js:1:155146)
2025-11-24 14:47:57:     at <unknown> (C:\inetpub\wwwroot\portal-cliente\gerproj-dashboard-cliente-local\.next\server\chunks\708.js:1:159619)
2025-11-24 14:47:57:     at Socket.<anonymous> (C:\inetpub\wwwroot\portal-cliente\gerproj-dashboard-cliente-local\.next\server\chunks\708.js:1:164831) {
2025-11-24 14:47:57:   gdscode: 335544334,
2025-11-24 14:47:57:   gdsparams: [Array]
2025-11-24 14:47:57: }
2025-11-24 14:47:57: Stack trace: Error: Conversion error from string ""
2025-11-24 14:47:57:     at doCallback (C:\inetpub\wwwroot\portal-cliente\gerproj-dashboard-cliente-local\.next\server\chunks\708.js:1:140117)
2025-11-24 14:47:57:     at C:\inetpub\wwwroot\portal-cliente\gerproj-dashboard-cliente-local\.next\server\chunks\708.js:1:165112
2025-11-24 14:47:57:     at L (C:\inetpub\wwwroot\portal-cliente\gerproj-dashboard-cliente-local\.next\server\chunks\708.js:1:159601)
2025-11-24 14:47:57:     at S (C:\inetpub\wwwroot\portal-cliente\gerproj-dashboard-cliente-local\.next\server\chunks\708.js:1:155146)
2025-11-24 14:47:57:     at C:\inetpub\wwwroot\portal-cliente\gerproj-dashboard-cliente-local\.next\server\chunks\708.js:1:159619
2025-11-24 14:47:57:     at Socket.<anonymous> (C:\inetpub\wwwroot\portal-cliente\gerproj-dashboard-cliente-local\.next\server\chunks\708.js:1:164831)
2025-11-24 14:47:57:     at Socket.emit (node:events:518:28)
2025-11-24 14:47:57:     at addChunk (node:internal/streams/readable:561:12)
2025-11-24 14:47:57:     at readableAddChunkPushByteMode (node:internal/streams/readable:512:3)
2025-11-24 14:47:57:     at Readable.push (node:internal/streams/readable:392:5)
2025-11-24 14:47:57:     at TCP.onStreamRead (node:internal/stream_base_commons:189:23)
2025-11-24 14:47:57:     at TCP.callbackTrampoline (node:internal/async_hooks:130:17)
2025-11-24 14:47:57: Message: Conversion error from string ""
2025-11-24 14:49:11: Erro detalhado ao buscar status: Error: Conversion error from string ""
2025-11-24 14:49:11:     at doCallback (C:\inetpub\wwwroot\portal-cliente\gerproj-dashboard-cliente-local\.next\server\chunks\708.js:1:140117)
2025-11-24 14:49:11:     at <unknown> (C:\inetpub\wwwroot\portal-cliente\gerproj-dashboard-cliente-local\.next\server\chunks\708.js:1:165112)
2025-11-24 14:49:11:     at L (C:\inetpub\wwwroot\portal-cliente\gerproj-dashboard-cliente-local\.next\server\chunks\708.js:1:159601)
2025-11-24 14:49:11:     at S (C:\inetpub\wwwroot\portal-cliente\gerproj-dashboard-cliente-local\.next\server\chunks\708.js:1:155146)
2025-11-24 14:49:11:     at <unknown> (C:\inetpub\wwwroot\portal-cliente\gerproj-dashboard-cliente-local\.next\server\chunks\708.js:1:159619)
2025-11-24 14:49:11:     at Socket.<anonymous> (C:\inetpub\wwwroot\portal-cliente\gerproj-dashboard-cliente-local\.next\server\chunks\708.js:1:164831) {
2025-11-24 14:49:11:   gdscode: 335544334,
2025-11-24 14:49:11:   gdsparams: [Array]
2025-11-24 14:49:11: }
2025-11-24 14:49:11: Stack trace: Error: Conversion error from string ""
2025-11-24 14:49:11:     at doCallback (C:\inetpub\wwwroot\portal-cliente\gerproj-dashboard-cliente-local\.next\server\chunks\708.js:1:140117)
2025-11-24 14:49:11:     at C:\inetpub\wwwroot\portal-cliente\gerproj-dashboard-cliente-local\.next\server\chunks\708.js:1:165112
2025-11-24 14:49:11:     at L (C:\inetpub\wwwroot\portal-cliente\gerproj-dashboard-cliente-local\.next\server\chunks\708.js:1:159601)
2025-11-24 14:49:11:     at S (C:\inetpub\wwwroot\portal-cliente\gerproj-dashboard-cliente-local\.next\server\chunks\708.js:1:155146)
2025-11-24 14:49:11:     at C:\inetpub\wwwroot\portal-cliente\gerproj-dashboard-cliente-local\.next\server\chunks\708.js:1:159619
2025-11-24 14:49:11:     at Socket.<anonymous> (C:\inetpub\wwwroot\portal-cliente\gerproj-dashboard-cliente-local\.next\server\chunks\708.js:1:164831)
2025-11-24 14:49:11:     at Socket.emit (node:events:518:28)
2025-11-24 14:49:11:     at addChunk (node:internal/streams/readable:561:12)
2025-11-24 14:49:11:     at readableAddChunkPushByteMode (node:internal/streams/readable:512:3)
2025-11-24 14:49:11:     at Readable.push (node:internal/streams/readable:392:5)
2025-11-24 14:49:11:     at TCP.onStreamRead (node:internal/stream_base_commons:189:23)
2025-11-24 14:49:11:     at TCP.callbackTrampoline (node:internal/async_hooks:130:17)
2025-11-24 14:49:11: Message: Conversion error from string ""
2025-11-24 14:49:12: Erro detalhado ao buscar status: Error: Conversion error from string ""
2025-11-24 14:49:12:     at doCallback (C:\inetpub\wwwroot\portal-cliente\gerproj-dashboard-cliente-local\.next\server\chunks\708.js:1:140117)
2025-11-24 14:49:12:     at <unknown> (C:\inetpub\wwwroot\portal-cliente\gerproj-dashboard-cliente-local\.next\server\chunks\708.js:1:165112)
2025-11-24 14:49:12:     at L (C:\inetpub\wwwroot\portal-cliente\gerproj-dashboard-cliente-local\.next\server\chunks\708.js:1:159601)
2025-11-24 14:49:12:     at S (C:\inetpub\wwwroot\portal-cliente\gerproj-dashboard-cliente-local\.next\server\chunks\708.js:1:155146)
2025-11-24 14:49:12:     at <unknown> (C:\inetpub\wwwroot\portal-cliente\gerproj-dashboard-cliente-local\.next\server\chunks\708.js:1:159619)
2025-11-24 14:49:12:     at Socket.<anonymous> (C:\inetpub\wwwroot\portal-cliente\gerproj-dashboard-cliente-local\.next\server\chunks\708.js:1:164831) {
2025-11-24 14:49:12:   gdscode: 335544334,
2025-11-24 14:49:12:   gdsparams: [Array]
2025-11-24 14:49:12: }
2025-11-24 14:49:12: Stack trace: Error: Conversion error from string ""
2025-11-24 14:49:12:     at doCallback (C:\inetpub\wwwroot\portal-cliente\gerproj-dashboard-cliente-local\.next\server\chunks\708.js:1:140117)
2025-11-24 14:49:12:     at C:\inetpub\wwwroot\portal-cliente\gerproj-dashboard-cliente-local\.next\server\chunks\708.js:1:165112
2025-11-24 14:49:12:     at L (C:\inetpub\wwwroot\portal-cliente\gerproj-dashboard-cliente-local\.next\server\chunks\708.js:1:159601)
2025-11-24 14:49:12:     at S (C:\inetpub\wwwroot\portal-cliente\gerproj-dashboard-cliente-local\.next\server\chunks\708.js:1:155146)
2025-11-24 14:49:12:     at C:\inetpub\wwwroot\portal-cliente\gerproj-dashboard-cliente-local\.next\server\chunks\708.js:1:159619
2025-11-24 14:49:12:     at Socket.<anonymous> (C:\inetpub\wwwroot\portal-cliente\gerproj-dashboard-cliente-local\.next\server\chunks\708.js:1:164831)
2025-11-24 14:49:12:     at Socket.emit (node:events:518:28)
2025-11-24 14:49:12:     at addChunk (node:internal/streams/readable:561:12)
2025-11-24 14:49:12:     at readableAddChunkPushByteMode (node:internal/streams/readable:512:3)
2025-11-24 14:49:12:     at Readable.push (node:internal/streams/readable:392:5)
2025-11-24 14:49:12:     at TCP.onStreamRead (node:internal/stream_base_commons:189:23)
2025-11-24 14:49:12:     at TCP.callbackTrampoline (node:internal/async_hooks:130:17)
2025-11-24 14:49:12: Message: Conversion error from string ""
2025-11-24 14:49:14: Erro detalhado ao buscar status: Error: Conversion error from string ""
2025-11-24 14:49:14:     at doCallback (C:\inetpub\wwwroot\portal-cliente\gerproj-dashboard-cliente-local\.next\server\chunks\708.js:1:140117)
2025-11-24 14:49:14:     at <unknown> (C:\inetpub\wwwroot\portal-cliente\gerproj-dashboard-cliente-local\.next\server\chunks\708.js:1:165112)
2025-11-24 14:49:14:     at L (C:\inetpub\wwwroot\portal-cliente\gerproj-dashboard-cliente-local\.next\server\chunks\708.js:1:159601)
2025-11-24 14:49:14:     at S (C:\inetpub\wwwroot\portal-cliente\gerproj-dashboard-cliente-local\.next\server\chunks\708.js:1:155146)
2025-11-24 14:49:14:     at <unknown> (C:\inetpub\wwwroot\portal-cliente\gerproj-dashboard-cliente-local\.next\server\chunks\708.js:1:159619)
2025-11-24 14:49:14:     at Socket.<anonymous> (C:\inetpub\wwwroot\portal-cliente\gerproj-dashboard-cliente-local\.next\server\chunks\708.js:1:164831) {
2025-11-24 14:49:14:   gdscode: 335544334,
2025-11-24 14:49:14:   gdsparams: [Array]
2025-11-24 14:49:14: }
2025-11-24 14:49:14: Stack trace: Error: Conversion error from string ""
2025-11-24 14:49:14:     at doCallback (C:\inetpub\wwwroot\portal-cliente\gerproj-dashboard-cliente-local\.next\server\chunks\708.js:1:140117)
2025-11-24 14:49:14:     at C:\inetpub\wwwroot\portal-cliente\gerproj-dashboard-cliente-local\.next\server\chunks\708.js:1:165112
2025-11-24 14:49:14:     at L (C:\inetpub\wwwroot\portal-cliente\gerproj-dashboard-cliente-local\.next\server\chunks\708.js:1:159601)
2025-11-24 14:49:14:     at S (C:\inetpub\wwwroot\portal-cliente\gerproj-dashboard-cliente-local\.next\server\chunks\708.js:1:155146)
2025-11-24 14:49:14:     at C:\inetpub\wwwroot\portal-cliente\gerproj-dashboard-cliente-local\.next\server\chunks\708.js:1:159619
2025-11-24 14:49:14:     at Socket.<anonymous> (C:\inetpub\wwwroot\portal-cliente\gerproj-dashboard-cliente-local\.next\server\chunks\708.js:1:164831)
2025-11-24 14:49:14:     at Socket.emit (node:events:518:28)
2025-11-24 14:49:14:     at addChunk (node:internal/streams/readable:561:12)
2025-11-24 14:49:14:     at readableAddChunkPushByteMode (node:internal/streams/readable:512:3)
2025-11-24 14:49:14:     at Readable.push (node:internal/streams/readable:392:5)
2025-11-24 14:49:14:     at TCP.onStreamRead (node:internal/stream_base_commons:189:23)
2025-11-24 14:49:14:     at TCP.callbackTrampoline (node:internal/async_hooks:130:17)
2025-11-24 14:49:14: Message: Conversion error from string ""
2025-11-24 14:49:23: Erro detalhado ao buscar status: Error: Conversion error from string ""
2025-11-24 14:49:23:     at doCallback (C:\inetpub\wwwroot\portal-cliente\gerproj-dashboard-cliente-local\.next\server\chunks\708.js:1:140117)
2025-11-24 14:49:23:     at <unknown> (C:\inetpub\wwwroot\portal-cliente\gerproj-dashboard-cliente-local\.next\server\chunks\708.js:1:165112)
2025-11-24 14:49:23:     at L (C:\inetpub\wwwroot\portal-cliente\gerproj-dashboard-cliente-local\.next\server\chunks\708.js:1:159601)
2025-11-24 14:49:23:     at S (C:\inetpub\wwwroot\portal-cliente\gerproj-dashboard-cliente-local\.next\server\chunks\708.js:1:155146)
2025-11-24 14:49:23:     at <unknown> (C:\inetpub\wwwroot\portal-cliente\gerproj-dashboard-cliente-local\.next\server\chunks\708.js:1:159619)
2025-11-24 14:49:23:     at Socket.<anonymous> (C:\inetpub\wwwroot\portal-cliente\gerproj-dashboard-cliente-local\.next\server\chunks\708.js:1:164831) {
2025-11-24 14:49:23:   gdscode: 335544334,
2025-11-24 14:49:23:   gdsparams: [Array]
2025-11-24 14:49:23: }
2025-11-24 14:49:23: Stack trace: Error: Conversion error from string ""
2025-11-24 14:49:23:     at doCallback (C:\inetpub\wwwroot\portal-cliente\gerproj-dashboard-cliente-local\.next\server\chunks\708.js:1:140117)
2025-11-24 14:49:23:     at C:\inetpub\wwwroot\portal-cliente\gerproj-dashboard-cliente-local\.next\server\chunks\708.js:1:165112
2025-11-24 14:49:23:     at L (C:\inetpub\wwwroot\portal-cliente\gerproj-dashboard-cliente-local\.next\server\chunks\708.js:1:159601)
2025-11-24 14:49:23:     at S (C:\inetpub\wwwroot\portal-cliente\gerproj-dashboard-cliente-local\.next\server\chunks\708.js:1:155146)
2025-11-24 14:49:23:     at C:\inetpub\wwwroot\portal-cliente\gerproj-dashboard-cliente-local\.next\server\chunks\708.js:1:159619
2025-11-24 14:49:23:     at Socket.<anonymous> (C:\inetpub\wwwroot\portal-cliente\gerproj-dashboard-cliente-local\.next\server\chunks\708.js:1:164831)
2025-11-24 14:49:23:     at Socket.emit (node:events:518:28)
2025-11-24 14:49:23:     at addChunk (node:internal/streams/readable:561:12)
2025-11-24 14:49:23:     at readableAddChunkPushByteMode (node:internal/streams/readable:512:3)
2025-11-24 14:49:23:     at Readable.push (node:internal/streams/readable:392:5)
2025-11-24 14:49:23:     at TCP.onStreamRead (node:internal/stream_base_commons:189:23)
2025-11-24 14:49:23:     at TCP.callbackTrampoline (node:internal/async_hooks:130:17)
2025-11-24 14:49:23: Message: Conversion error from string ""
2025-11-24 14:49:24: Erro detalhado ao buscar status: Error: Conversion error from string ""
2025-11-24 14:49:24:     at doCallback (C:\inetpub\wwwroot\portal-cliente\gerproj-dashboard-cliente-local\.next\server\chunks\708.js:1:140117)
2025-11-24 14:49:24:     at <unknown> (C:\inetpub\wwwroot\portal-cliente\gerproj-dashboard-cliente-local\.next\server\chunks\708.js:1:165112)
2025-11-24 14:49:24:     at L (C:\inetpub\wwwroot\portal-cliente\gerproj-dashboard-cliente-local\.next\server\chunks\708.js:1:159601)
2025-11-24 14:49:24:     at S (C:\inetpub\wwwroot\portal-cliente\gerproj-dashboard-cliente-local\.next\server\chunks\708.js:1:155146)
2025-11-24 14:49:24:     at <unknown> (C:\inetpub\wwwroot\portal-cliente\gerproj-dashboard-cliente-local\.next\server\chunks\708.js:1:159619)
2025-11-24 14:49:24:     at Socket.<anonymous> (C:\inetpub\wwwroot\portal-cliente\gerproj-dashboard-cliente-local\.next\server\chunks\708.js:1:164831) {
2025-11-24 14:49:24:   gdscode: 335544334,
2025-11-24 14:49:24:   gdsparams: [Array]
2025-11-24 14:49:24: }
2025-11-24 14:49:24: Stack trace: Error: Conversion error from string ""
2025-11-24 14:49:24:     at doCallback (C:\inetpub\wwwroot\portal-cliente\gerproj-dashboard-cliente-local\.next\server\chunks\708.js:1:140117)
2025-11-24 14:49:24:     at C:\inetpub\wwwroot\portal-cliente\gerproj-dashboard-cliente-local\.next\server\chunks\708.js:1:165112
2025-11-24 14:49:24:     at L (C:\inetpub\wwwroot\portal-cliente\gerproj-dashboard-cliente-local\.next\server\chunks\708.js:1:159601)
2025-11-24 14:49:24:     at S (C:\inetpub\wwwroot\portal-cliente\gerproj-dashboard-cliente-local\.next\server\chunks\708.js:1:155146)
2025-11-24 14:49:24:     at C:\inetpub\wwwroot\portal-cliente\gerproj-dashboard-cliente-local\.next\server\chunks\708.js:1:159619
2025-11-24 14:49:24:     at Socket.<anonymous> (C:\inetpub\wwwroot\portal-cliente\gerproj-dashboard-cliente-local\.next\server\chunks\708.js:1:164831)
2025-11-24 14:49:24:     at Socket.emit (node:events:518:28)
2025-11-24 14:49:24:     at addChunk (node:internal/streams/readable:561:12)
2025-11-24 14:49:24:     at readableAddChunkPushByteMode (node:internal/streams/readable:512:3)
2025-11-24 14:49:24:     at Readable.push (node:internal/streams/readable:392:5)
2025-11-24 14:49:24:     at TCP.onStreamRead (node:internal/stream_base_commons:189:23)
2025-11-24 14:49:24:     at TCP.callbackTrampoline (node:internal/async_hooks:130:17)
2025-11-24 14:49:24: Message: Conversion error from string ""
2025-11-24 14:49:26: Erro detalhado ao buscar status: Error: Conversion error from string ""
2025-11-24 14:49:26:     at doCallback (C:\inetpub\wwwroot\portal-cliente\gerproj-dashboard-cliente-local\.next\server\chunks\708.js:1:140117)
2025-11-24 14:49:26:     at <unknown> (C:\inetpub\wwwroot\portal-cliente\gerproj-dashboard-cliente-local\.next\server\chunks\708.js:1:165112)
2025-11-24 14:49:26:     at L (C:\inetpub\wwwroot\portal-cliente\gerproj-dashboard-cliente-local\.next\server\chunks\708.js:1:159601)
2025-11-24 14:49:26:     at S (C:\inetpub\wwwroot\portal-cliente\gerproj-dashboard-cliente-local\.next\server\chunks\708.js:1:155146)
2025-11-24 14:49:26:     at <unknown> (C:\inetpub\wwwroot\portal-cliente\gerproj-dashboard-cliente-local\.next\server\chunks\708.js:1:159619)
2025-11-24 14:49:26:     at Socket.<anonymous> (C:\inetpub\wwwroot\portal-cliente\gerproj-dashboard-cliente-local\.next\server\chunks\708.js:1:164831) {
2025-11-24 14:49:26:   gdscode: 335544334,
2025-11-24 14:49:26:   gdsparams: [Array]
2025-11-24 14:49:26: }
2025-11-24 14:49:26: Stack trace: Error: Conversion error from string ""
2025-11-24 14:49:26:     at doCallback (C:\inetpub\wwwroot\portal-cliente\gerproj-dashboard-cliente-local\.next\server\chunks\708.js:1:140117)
2025-11-24 14:49:26:     at C:\inetpub\wwwroot\portal-cliente\gerproj-dashboard-cliente-local\.next\server\chunks\708.js:1:165112
2025-11-24 14:49:26:     at L (C:\inetpub\wwwroot\portal-cliente\gerproj-dashboard-cliente-local\.next\server\chunks\708.js:1:159601)
2025-11-24 14:49:26:     at S (C:\inetpub\wwwroot\portal-cliente\gerproj-dashboard-cliente-local\.next\server\chunks\708.js:1:155146)
2025-11-24 14:49:26:     at C:\inetpub\wwwroot\portal-cliente\gerproj-dashboard-cliente-local\.next\server\chunks\708.js:1:159619
2025-11-24 14:49:26:     at Socket.<anonymous> (C:\inetpub\wwwroot\portal-cliente\gerproj-dashboard-cliente-local\.next\server\chunks\708.js:1:164831)
2025-11-24 14:49:26:     at Socket.emit (node:events:518:28)
2025-11-24 14:49:26:     at addChunk (node:internal/streams/readable:561:12)
2025-11-24 14:49:26:     at readableAddChunkPushByteMode (node:internal/streams/readable:512:3)
2025-11-24 14:49:26:     at Readable.push (node:internal/streams/readable:392:5)
2025-11-24 14:49:26:     at TCP.onStreamRead (node:internal/stream_base_commons:189:23)
2025-11-24 14:49:26:     at TCP.callbackTrampoline (node:internal/async_hooks:130:17)
2025-11-24 14:49:26: Message: Conversion error from string ""
2025-11-24 14:54:52: Erro detalhado ao buscar status: Error: Conversion error from string ""
2025-11-24 14:54:52:     at doCallback (C:\inetpub\wwwroot\portal-cliente\gerproj-dashboard-cliente-local\.next\server\chunks\708.js:1:140117)
2025-11-24 14:54:52:     at <unknown> (C:\inetpub\wwwroot\portal-cliente\gerproj-dashboard-cliente-local\.next\server\chunks\708.js:1:165112)
2025-11-24 14:54:52:     at L (C:\inetpub\wwwroot\portal-cliente\gerproj-dashboard-cliente-local\.next\server\chunks\708.js:1:159601)
2025-11-24 14:54:52:     at S (C:\inetpub\wwwroot\portal-cliente\gerproj-dashboard-cliente-local\.next\server\chunks\708.js:1:155146)
2025-11-24 14:54:52:     at <unknown> (C:\inetpub\wwwroot\portal-cliente\gerproj-dashboard-cliente-local\.next\server\chunks\708.js:1:159619)
2025-11-24 14:54:52:     at Socket.<anonymous> (C:\inetpub\wwwroot\portal-cliente\gerproj-dashboard-cliente-local\.next\server\chunks\708.js:1:164831) {
2025-11-24 14:54:52:   gdscode: 335544334,
2025-11-24 14:54:52:   gdsparams: [Array]
2025-11-24 14:54:52: }
2025-11-24 14:54:52: Stack trace: Error: Conversion error from string ""
2025-11-24 14:54:52:     at doCallback (C:\inetpub\wwwroot\portal-cliente\gerproj-dashboard-cliente-local\.next\server\chunks\708.js:1:140117)
2025-11-24 14:54:52:     at C:\inetpub\wwwroot\portal-cliente\gerproj-dashboard-cliente-local\.next\server\chunks\708.js:1:165112
2025-11-24 14:54:52:     at L (C:\inetpub\wwwroot\portal-cliente\gerproj-dashboard-cliente-local\.next\server\chunks\708.js:1:159601)
2025-11-24 14:54:52:     at S (C:\inetpub\wwwroot\portal-cliente\gerproj-dashboard-cliente-local\.next\server\chunks\708.js:1:155146)
2025-11-24 14:54:52:     at C:\inetpub\wwwroot\portal-cliente\gerproj-dashboard-cliente-local\.next\server\chunks\708.js:1:159619
2025-11-24 14:54:52:     at Socket.<anonymous> (C:\inetpub\wwwroot\portal-cliente\gerproj-dashboard-cliente-local\.next\server\chunks\708.js:1:164831)
2025-11-24 14:54:52:     at Socket.emit (node:events:518:28)
2025-11-24 14:54:52:     at addChunk (node:internal/streams/readable:561:12)
2025-11-24 14:54:52:     at readableAddChunkPushByteMode (node:internal/streams/readable:512:3)
2025-11-24 14:54:52:     at Readable.push (node:internal/streams/readable:392:5)
2025-11-24 14:54:52:     at TCP.onStreamRead (node:internal/stream_base_commons:189:23)
2025-11-24 14:54:52:     at TCP.callbackTrampoline (node:internal/async_hooks:130:17)
2025-11-24 14:54:52: Message: Conversion error from string ""
2025-11-24 14:54:53: Erro detalhado ao buscar status: Error: Conversion error from string ""
2025-11-24 14:54:53:     at doCallback (C:\inetpub\wwwroot\portal-cliente\gerproj-dashboard-cliente-local\.next\server\chunks\708.js:1:140117)
2025-11-24 14:54:53:     at <unknown> (C:\inetpub\wwwroot\portal-cliente\gerproj-dashboard-cliente-local\.next\server\chunks\708.js:1:165112)
2025-11-24 14:54:53:     at L (C:\inetpub\wwwroot\portal-cliente\gerproj-dashboard-cliente-local\.next\server\chunks\708.js:1:159601)
2025-11-24 14:54:53:     at S (C:\inetpub\wwwroot\portal-cliente\gerproj-dashboard-cliente-local\.next\server\chunks\708.js:1:155146)
2025-11-24 14:54:53:     at <unknown> (C:\inetpub\wwwroot\portal-cliente\gerproj-dashboard-cliente-local\.next\server\chunks\708.js:1:159619)
2025-11-24 14:54:53:     at Socket.<anonymous> (C:\inetpub\wwwroot\portal-cliente\gerproj-dashboard-cliente-local\.next\server\chunks\708.js:1:164831) {
2025-11-24 14:54:53:   gdscode: 335544334,
2025-11-24 14:54:53:   gdsparams: [Array]
2025-11-24 14:54:53: }
2025-11-24 14:54:53: Stack trace: Error: Conversion error from string ""
2025-11-24 14:54:53:     at doCallback (C:\inetpub\wwwroot\portal-cliente\gerproj-dashboard-cliente-local\.next\server\chunks\708.js:1:140117)
2025-11-24 14:54:53:     at C:\inetpub\wwwroot\portal-cliente\gerproj-dashboard-cliente-local\.next\server\chunks\708.js:1:165112
2025-11-24 14:54:53:     at L (C:\inetpub\wwwroot\portal-cliente\gerproj-dashboard-cliente-local\.next\server\chunks\708.js:1:159601)
2025-11-24 14:54:53:     at S (C:\inetpub\wwwroot\portal-cliente\gerproj-dashboard-cliente-local\.next\server\chunks\708.js:1:155146)
2025-11-24 14:54:53:     at C:\inetpub\wwwroot\portal-cliente\gerproj-dashboard-cliente-local\.next\server\chunks\708.js:1:159619
2025-11-24 14:54:53:     at Socket.<anonymous> (C:\inetpub\wwwroot\portal-cliente\gerproj-dashboard-cliente-local\.next\server\chunks\708.js:1:164831)
2025-11-24 14:54:53:     at Socket.emit (node:events:518:28)
2025-11-24 14:54:53:     at addChunk (node:internal/streams/readable:561:12)
2025-11-24 14:54:53:     at readableAddChunkPushByteMode (node:internal/streams/readable:512:3)
2025-11-24 14:54:53:     at Readable.push (node:internal/streams/readable:392:5)
2025-11-24 14:54:53:     at TCP.onStreamRead (node:internal/stream_base_commons:189:23)
2025-11-24 14:54:53:     at TCP.callbackTrampoline (node:internal/async_hooks:130:17)
2025-11-24 14:54:53: Message: Conversion error from string ""
2025-11-24 14:54:56: Erro detalhado ao buscar status: Error: Conversion error from string ""
2025-11-24 14:54:56:     at doCallback (C:\inetpub\wwwroot\portal-cliente\gerproj-dashboard-cliente-local\.next\server\chunks\708.js:1:140117)
2025-11-24 14:54:56:     at <unknown> (C:\inetpub\wwwroot\portal-cliente\gerproj-dashboard-cliente-local\.next\server\chunks\708.js:1:165112)
2025-11-24 14:54:56:     at L (C:\inetpub\wwwroot\portal-cliente\gerproj-dashboard-cliente-local\.next\server\chunks\708.js:1:159601)
2025-11-24 14:54:56:     at S (C:\inetpub\wwwroot\portal-cliente\gerproj-dashboard-cliente-local\.next\server\chunks\708.js:1:155146)
2025-11-24 14:54:56:     at <unknown> (C:\inetpub\wwwroot\portal-cliente\gerproj-dashboard-cliente-local\.next\server\chunks\708.js:1:159619)
2025-11-24 14:54:56:     at Socket.<anonymous> (C:\inetpub\wwwroot\portal-cliente\gerproj-dashboard-cliente-local\.next\server\chunks\708.js:1:164831) {
2025-11-24 14:54:56:   gdscode: 335544334,
2025-11-24 14:54:56:   gdsparams: [Array]
2025-11-24 14:54:56: }
2025-11-24 14:54:56: Stack trace: Error: Conversion error from string ""
2025-11-24 14:54:56:     at doCallback (C:\inetpub\wwwroot\portal-cliente\gerproj-dashboard-cliente-local\.next\server\chunks\708.js:1:140117)
2025-11-24 14:54:56:     at C:\inetpub\wwwroot\portal-cliente\gerproj-dashboard-cliente-local\.next\server\chunks\708.js:1:165112
2025-11-24 14:54:56:     at L (C:\inetpub\wwwroot\portal-cliente\gerproj-dashboard-cliente-local\.next\server\chunks\708.js:1:159601)
2025-11-24 14:54:56:     at S (C:\inetpub\wwwroot\portal-cliente\gerproj-dashboard-cliente-local\.next\server\chunks\708.js:1:155146)
2025-11-24 14:54:56:     at C:\inetpub\wwwroot\portal-cliente\gerproj-dashboard-cliente-local\.next\server\chunks\708.js:1:159619
2025-11-24 14:54:56:     at Socket.<anonymous> (C:\inetpub\wwwroot\portal-cliente\gerproj-dashboard-cliente-local\.next\server\chunks\708.js:1:164831)
2025-11-24 14:54:56:     at Socket.emit (node:events:518:28)
2025-11-24 14:54:56:     at addChunk (node:internal/streams/readable:561:12)
2025-11-24 14:54:56:     at readableAddChunkPushByteMode (node:internal/streams/readable:512:3)
2025-11-24 14:54:56:     at Readable.push (node:internal/streams/readable:392:5)
2025-11-24 14:54:56:     at TCP.onStreamRead (node:internal/stream_base_commons:189:23)
2025-11-24 14:54:56:     at TCP.callbackTrampoline (node:internal/async_hooks:130:17)
2025-11-24 14:54:56: Message: Conversion error from string ""
